2021-10-25 09:35:32,839 [INFO] Activator:177 - 


2021-10-25 09:35:32,850 [INFO] Activator:178 - !SESSION log4j initialized
2021-10-25 09:37:31,418 [INFO] McuFinderGlobals:39 - Set McuFinder mode to 2 (CubeIDE integrated)
2021-10-25 09:37:32,857 [INFO] ApplicationProperties:181 - Using Application install path: /home/user/st/stm32cubeide_1.7.0_2/plugins/com.st.stm32cube.common.mx_6.3.0.202107141111
2021-10-25 09:37:32,944 [INFO] DbMcusXml:74 - Set database path to: /home/user/st/stm32cubeide_1.7.0_2/plugins/com.st.stm32cube.common.mx_6.3.0.202107141111//db//mcu/
2021-10-25 09:37:32,956 [INFO] DbBoardsPdsc:56 - Set plugin database path to: /home/user/st/stm32cubeide_1.7.0_2/plugins/com.st.stm32cube.common.mx_6.3.0.202107141111//db//plugins/boardmanager/
2021-10-25 09:37:32,956 [INFO] DbMcus:258 - Set plugin images path to: /home/user/st/stm32cubeide_1.7.0_2/plugins/com.st.stm32cube.common.mx_6.3.0.202107141111//db//plugins/mcufinder/images/
2021-10-25 09:37:32,957 [INFO] DbBoards:264 - Set plugin images path to: /home/user/st/stm32cubeide_1.7.0_2/plugins/com.st.stm32cube.common.mx_6.3.0.202107141111//db//plugins/mcufinder/images/
2021-10-25 09:37:32,972 [INFO] DbExamples:333 - Set plugin images path to: /home/user/st/stm32cubeide_1.7.0_2/plugins/com.st.stm32cube.common.mx_6.3.0.202107141111//db//plugins/mcufinder/images/
2021-10-25 09:37:35,294 [ERROR] ApiFinderProperties:213 - Failed to read file additional_hw_images/X-NUCLEO-S2915A1.jpg: /home/user/.stmcufinder/plugins/mcufinder/mcu/additional_hw_images/X-NUCLEO-S2915A1.jpg (No such file or directory)
2021-10-25 09:37:35,297 [ERROR] ApiFinderProperties:213 - Failed to read file additional_hw_images/X-NUCLEO-S2868A2.jpg: /home/user/.stmcufinder/plugins/mcufinder/mcu/additional_hw_images/X-NUCLEO-S2868A2.jpg (No such file or directory)
2021-10-25 09:37:35,301 [ERROR] ApiFinderProperties:213 - Failed to read file additional_hw_images/X-NUCLEO-S2868A1.jpg: /home/user/.stmcufinder/plugins/mcufinder/mcu/additional_hw_images/X-NUCLEO-S2868A1.jpg (No such file or directory)
2021-10-25 09:37:35,304 [ERROR] ApiFinderProperties:213 - Failed to read file additional_hw_images/X-NUCLEO-NFC04A1.jpg: /home/user/.stmcufinder/plugins/mcufinder/mcu/additional_hw_images/X-NUCLEO-NFC04A1.jpg (No such file or directory)
2021-10-25 09:37:35,308 [ERROR] ApiFinderProperties:213 - Failed to read file additional_hw_images/X-NUCLEO-IDB05A2.jpg: /home/user/.stmcufinder/plugins/mcufinder/mcu/additional_hw_images/X-NUCLEO-IDB05A2.jpg (No such file or directory)
2021-10-25 09:37:35,311 [ERROR] ApiFinderProperties:213 - Failed to read file additional_hw_images/X-NUCLEO-EEPRMA2.jpg: /home/user/.stmcufinder/plugins/mcufinder/mcu/additional_hw_images/X-NUCLEO-EEPRMA2.jpg (No such file or directory)
2021-10-25 09:37:35,313 [ERROR] ApiFinderProperties:213 - Failed to read file additional_hw_images/X-NUCLEO-EEPRMA1.jpg: /home/user/.stmcufinder/plugins/mcufinder/mcu/additional_hw_images/X-NUCLEO-EEPRMA1.jpg (No such file or directory)
2021-10-25 09:37:35,315 [ERROR] ApiFinderProperties:213 - Failed to read file additional_hw_images/X-NUCLEO-6283A1.jpg: /home/user/.stmcufinder/plugins/mcufinder/mcu/additional_hw_images/X-NUCLEO-6283A1.jpg (No such file or directory)
2021-10-25 09:37:35,317 [ERROR] ApiFinderProperties:213 - Failed to read file additional_hw_images/VD6283TX.jpg: /home/user/.stmcufinder/plugins/mcufinder/mcu/additional_hw_images/VD6283TX.jpg (No such file or directory)
2021-10-25 09:37:35,320 [ERROR] ApiFinderProperties:213 - Failed to read file additional_hw_images/ST25DV04K.jpg: /home/user/.stmcufinder/plugins/mcufinder/mcu/additional_hw_images/ST25DV04K.jpg (No such file or directory)
2021-10-25 09:37:35,321 [ERROR] ApiFinderProperties:213 - Failed to read file additional_hw_images/S2-LP.jpg: /home/user/.stmcufinder/plugins/mcufinder/mcu/additional_hw_images/S2-LP.jpg (No such file or directory)
2021-10-25 09:37:35,323 [ERROR] ApiFinderProperties:213 - Failed to read file additional_hw_images/M95M04-DR.jpg: /home/user/.stmcufinder/plugins/mcufinder/mcu/additional_hw_images/M95M04-DR.jpg (No such file or directory)
2021-10-25 09:37:35,323 [ERROR] ApiFinderProperties:213 - Failed to read file additional_hw_images/M95M01-DF.jpg: /home/user/.stmcufinder/plugins/mcufinder/mcu/additional_hw_images/M95M01-DF.jpg (No such file or directory)
2021-10-25 09:37:35,324 [ERROR] ApiFinderProperties:213 - Failed to read file additional_hw_images/M95256-DF.jpg: /home/user/.stmcufinder/plugins/mcufinder/mcu/additional_hw_images/M95256-DF.jpg (No such file or directory)
2021-10-25 09:37:35,325 [ERROR] ApiFinderProperties:213 - Failed to read file additional_hw_images/M95040-R.jpg: /home/user/.stmcufinder/plugins/mcufinder/mcu/additional_hw_images/M95040-R.jpg (No such file or directory)
2021-10-25 09:37:35,333 [ERROR] ApiFinderProperties:213 - Failed to read file additional_hw_images/M24M01-DF.jpg: /home/user/.stmcufinder/plugins/mcufinder/mcu/additional_hw_images/M24M01-DF.jpg (No such file or directory)
2021-10-25 09:37:35,333 [ERROR] ApiFinderProperties:213 - Failed to read file additional_hw_images/M24C02-F.jpg: /home/user/.stmcufinder/plugins/mcufinder/mcu/additional_hw_images/M24C02-F.jpg (No such file or directory)
2021-10-25 09:37:35,334 [ERROR] ApiFinderProperties:213 - Failed to read file additional_hw_images/M24256-DF.jpg: /home/user/.stmcufinder/plugins/mcufinder/mcu/additional_hw_images/M24256-DF.jpg (No such file or directory)
2021-10-25 09:37:35,335 [ERROR] ApiFinderProperties:213 - Failed to read file additional_hw_images/BlueNRG-M0.jpg: /home/user/.stmcufinder/plugins/mcufinder/mcu/additional_hw_images/BlueNRG-M0.jpg (No such file or directory)
2021-10-25 09:37:35,491 [WARN] ApiFinderProperties:104 - /home/user/.stmcufinder/plugins/mcufinder/mcu/mcuFinder.mfd doesn't exist
2021-10-25 09:37:35,494 [INFO] DbMcusAds:119 - Set database path to: /home/user/.stmcufinder/plugins/mcufinder//mcu/
2021-10-25 09:37:35,497 [INFO] DbMcusDocs:110 - Set database path to: /home/user/.stmcufinder/plugins/mcufinder//mcu/
2021-10-25 09:37:35,512 [INFO] DbMcusJson:64 - Set database path to: /home/user/.stmcufinder/plugins/mcufinder//mcu/
2021-10-25 09:37:35,518 [INFO] DbBoardsDocs:110 - Set database path to: /home/user/.stmcufinder/plugins/mcufinder//mcu/
2021-10-25 09:37:35,526 [INFO] DbBoardsJson:57 - Set database path to: /home/user/.stmcufinder/plugins/mcufinder//mcu/
2021-10-25 09:37:35,721 [INFO] CrossReferenceDbSqlite:196 - Set database path to: /home/user/.stmcufinder/plugins/mcufinder//mcu/cs/
2021-10-25 09:37:35,729 [INFO] DbExamplesSqlite:767 - Set database path to: /home/user/.stmcufinder/plugins/mcufinder//mcu/
2021-10-25 09:37:36,501 [INFO] RulesReader:57 - Compatibility file has been processed (242 Rules)
2021-10-25 09:37:37,007 [INFO] DbMcusXml:74 - Set database path to: /home/user/st/stm32cubeide_1.7.0_2/plugins/com.st.stm32cube.common.mx_6.3.0.202107141111//db//mcu/
2021-10-25 09:37:37,008 [INFO] DbBoardsPdsc:56 - Set plugin database path to: /home/user/st/stm32cubeide_1.7.0_2/plugins/com.st.stm32cube.common.mx_6.3.0.202107141111//db//plugins/boardmanager/
2021-10-25 09:37:37,008 [INFO] DbMcus:258 - Set plugin images path to: /home/user/st/stm32cubeide_1.7.0_2/plugins/com.st.stm32cube.common.mx_6.3.0.202107141111//db//plugins/mcufinder/images/
2021-10-25 09:37:37,008 [INFO] DbBoards:264 - Set plugin images path to: /home/user/st/stm32cubeide_1.7.0_2/plugins/com.st.stm32cube.common.mx_6.3.0.202107141111//db//plugins/mcufinder/images/
2021-10-25 09:37:37,008 [INFO] DbExamples:333 - Set plugin images path to: /home/user/st/stm32cubeide_1.7.0_2/plugins/com.st.stm32cube.common.mx_6.3.0.202107141111//db//plugins/mcufinder/images/
2021-10-25 09:37:37,009 [WARN] DbFile:35 - Overriding database path with different value: /home/user/.stmcufinder/plugins/mcufinder/ => /home/user/.stmcufinder/plugins/mcufinder
2021-10-25 09:37:37,009 [INFO] DbMcusAds:119 - Set database path to: /home/user/.stmcufinder/plugins/mcufinder//mcu/
2021-10-25 09:37:37,009 [WARN] DbFile:35 - Overriding database path with different value: /home/user/.stmcufinder/plugins/mcufinder/ => /home/user/.stmcufinder/plugins/mcufinder
2021-10-25 09:37:37,009 [INFO] DbMcusDocs:110 - Set database path to: /home/user/.stmcufinder/plugins/mcufinder//mcu/
2021-10-25 09:37:37,009 [WARN] DbFile:35 - Overriding database path with different value: /home/user/.stmcufinder/plugins/mcufinder/ => /home/user/.stmcufinder/plugins/mcufinder
2021-10-25 09:37:37,010 [INFO] DbMcusJson:64 - Set database path to: /home/user/.stmcufinder/plugins/mcufinder//mcu/
2021-10-25 09:37:37,010 [WARN] DbFile:35 - Overriding database path with different value: /home/user/.stmcufinder/plugins/mcufinder/ => /home/user/.stmcufinder/plugins/mcufinder
2021-10-25 09:37:37,010 [INFO] DbBoardsDocs:110 - Set database path to: /home/user/.stmcufinder/plugins/mcufinder//mcu/
2021-10-25 09:37:37,010 [WARN] DbFile:35 - Overriding database path with different value: /home/user/.stmcufinder/plugins/mcufinder/ => /home/user/.stmcufinder/plugins/mcufinder
2021-10-25 09:37:37,010 [INFO] DbBoardsJson:57 - Set database path to: /home/user/.stmcufinder/plugins/mcufinder//mcu/
2021-10-25 09:37:37,011 [WARN] DbFile:35 - Overriding database path with different value: /home/user/.stmcufinder/plugins/mcufinder/ => /home/user/.stmcufinder/plugins/mcufinder
2021-10-25 09:37:37,011 [WARN] DbFile:35 - Overriding database path with different value: /home/user/.stmcufinder/plugins/mcufinder/ => /home/user/.stmcufinder/plugins/mcufinder
2021-10-25 09:37:37,011 [INFO] CrossReferenceDbSqlite:196 - Set database path to: /home/user/.stmcufinder/plugins/mcufinder//mcu/cs/
2021-10-25 09:37:37,011 [WARN] DbFile:35 - Overriding database path with different value: /home/user/.stmcufinder/plugins/mcufinder/ => /home/user/.stmcufinder/plugins/mcufinder
2021-10-25 09:37:37,011 [INFO] DbExamplesSqlite:767 - Set database path to: /home/user/.stmcufinder/plugins/mcufinder//mcu/
2021-10-25 09:37:37,389 [INFO] MainPanel:214 - HeapMemory: 389021696
2021-10-25 09:37:39,429 [INFO] DbMcusXml:74 - Set database path to: /home/user/st/stm32cubeide_1.7.0_2/plugins/com.st.stm32cube.common.mx_6.3.0.202107141111//db//mcu/
2021-10-25 09:37:39,430 [INFO] DbBoardsPdsc:56 - Set plugin database path to: /home/user/st/stm32cubeide_1.7.0_2/plugins/com.st.stm32cube.common.mx_6.3.0.202107141111//db//plugins/boardmanager/
2021-10-25 09:37:39,430 [INFO] DbMcus:258 - Set plugin images path to: /home/user/st/stm32cubeide_1.7.0_2/plugins/com.st.stm32cube.common.mx_6.3.0.202107141111//db//plugins/mcufinder/images/
2021-10-25 09:37:39,430 [INFO] DbBoards:264 - Set plugin images path to: /home/user/st/stm32cubeide_1.7.0_2/plugins/com.st.stm32cube.common.mx_6.3.0.202107141111//db//plugins/mcufinder/images/
2021-10-25 09:37:39,431 [INFO] DbExamples:333 - Set plugin images path to: /home/user/st/stm32cubeide_1.7.0_2/plugins/com.st.stm32cube.common.mx_6.3.0.202107141111//db//plugins/mcufinder/images/
2021-10-25 09:37:39,439 [WARN] DbFile:35 - Overriding database path with different value: /home/user/.stmcufinder/plugins/mcufinder/ => /home/user/.stmcufinder/plugins/mcufinder
2021-10-25 09:37:39,439 [INFO] DbMcusAds:119 - Set database path to: /home/user/.stmcufinder/plugins/mcufinder//mcu/
2021-10-25 09:37:39,440 [WARN] DbFile:35 - Overriding database path with different value: /home/user/.stmcufinder/plugins/mcufinder/ => /home/user/.stmcufinder/plugins/mcufinder
2021-10-25 09:37:39,440 [INFO] DbMcusDocs:110 - Set database path to: /home/user/.stmcufinder/plugins/mcufinder//mcu/
2021-10-25 09:37:39,440 [WARN] DbFile:35 - Overriding database path with different value: /home/user/.stmcufinder/plugins/mcufinder/ => /home/user/.stmcufinder/plugins/mcufinder
2021-10-25 09:37:39,441 [INFO] DbMcusJson:64 - Set database path to: /home/user/.stmcufinder/plugins/mcufinder//mcu/
2021-10-25 09:37:39,441 [WARN] DbFile:35 - Overriding database path with different value: /home/user/.stmcufinder/plugins/mcufinder/ => /home/user/.stmcufinder/plugins/mcufinder
2021-10-25 09:37:39,442 [INFO] DbBoardsDocs:110 - Set database path to: /home/user/.stmcufinder/plugins/mcufinder//mcu/
2021-10-25 09:37:39,442 [WARN] DbFile:35 - Overriding database path with different value: /home/user/.stmcufinder/plugins/mcufinder/ => /home/user/.stmcufinder/plugins/mcufinder
2021-10-25 09:37:39,442 [INFO] DbBoardsJson:57 - Set database path to: /home/user/.stmcufinder/plugins/mcufinder//mcu/
2021-10-25 09:37:39,442 [WARN] DbFile:35 - Overriding database path with different value: /home/user/.stmcufinder/plugins/mcufinder/ => /home/user/.stmcufinder/plugins/mcufinder
2021-10-25 09:37:39,443 [WARN] DbFile:35 - Overriding database path with different value: /home/user/.stmcufinder/plugins/mcufinder/ => /home/user/.stmcufinder/plugins/mcufinder
2021-10-25 09:37:39,443 [INFO] CrossReferenceDbSqlite:196 - Set database path to: /home/user/.stmcufinder/plugins/mcufinder//mcu/cs/
2021-10-25 09:37:39,443 [WARN] DbFile:35 - Overriding database path with different value: /home/user/.stmcufinder/plugins/mcufinder/ => /home/user/.stmcufinder/plugins/mcufinder
2021-10-25 09:37:39,443 [INFO] DbExamplesSqlite:767 - Set database path to: /home/user/.stmcufinder/plugins/mcufinder//mcu/
2021-10-25 09:37:39,559 [INFO] ApplicationProperties:181 - Using Application install path: /home/user/st/stm32cubeide_1.7.0_2/plugins/com.st.stm32cube.common.mx_6.3.0.202107141111
2021-10-25 09:37:39,562 [INFO] PluginManage:188 - Search for loadable plugins [exclusion list=, ]
2021-10-25 09:37:39,585 [INFO] PluginManage:302 - Check plugin analytics
2021-10-25 09:37:40,245 [INFO] AnalyticsPlugin:257 - Accepted Software Licenses: 
2021-10-25 09:37:40,245 [INFO] AnalyticsPlugin:259 - Accepted CMSIS Pack Licenses: 
2021-10-25 09:37:40,246 [INFO] AnalyticsPlugin:261 - Accepted Firmware Licenses: 
2021-10-25 09:37:40,246 [INFO] PluginManage:352 - Loaded plugin analytics (category:tool,tabindex:-1)
2021-10-25 09:37:40,247 [INFO] PluginManage:302 - Check plugin clock
2021-10-25 09:37:40,372 [INFO] PluginManage:352 - Loaded plugin clock (category:base,tabindex:2)
2021-10-25 09:37:40,373 [INFO] PluginManage:302 - Check plugin ddr
2021-10-25 09:37:40,415 [INFO] PluginManage:352 - Loaded plugin ddr (category:tool,tabindex:6)
2021-10-25 09:37:40,416 [INFO] PluginManage:302 - Check plugin filemanager
2021-10-25 09:37:40,987 [INFO] PluginManage:352 - Loaded plugin filemanager (category:base,tabindex:10)
2021-10-25 09:37:40,988 [INFO] PluginManage:302 - Check plugin ipmanager
2021-10-25 09:37:41,041 [INFO] PluginManage:352 - Loaded plugin ipmanager (category:base,tabindex:5)
2021-10-25 09:37:41,041 [INFO] PluginManage:302 - Check plugin pinoutandconfiguration
2021-10-25 09:37:41,098 [INFO] PluginManage:352 - Loaded plugin pinoutandconfiguration (category:base,tabindex:1)
2021-10-25 09:37:41,098 [INFO] PluginManage:302 - Check plugin pinoutconfig
2021-10-25 09:37:41,237 [INFO] PluginManage:352 - Loaded plugin pinoutconfig (category:base,tabindex:0)
2021-10-25 09:37:41,240 [INFO] PluginManage:302 - Check plugin power
2021-10-25 09:37:41,810 [INFO] PluginManage:352 - Loaded plugin power (category:power,tabindex:4)
2021-10-25 09:37:41,811 [INFO] PluginManage:302 - Check plugin projectmanager
2021-10-25 09:37:41,954 [INFO] PluginManage:352 - Loaded plugin projectmanager (category:projectmanager,tabindex:3)
2021-10-25 09:37:41,954 [INFO] PluginManage:302 - Check plugin thirdparty
2021-10-25 09:37:42,573 [WARN] IntegrityCheckThread:78 - waiting for thirdparty lock release [integrity check]
2021-10-25 09:37:42,574 [INFO] IntegrityCheckThread:80 - entering critical section [integrity check]
2021-10-25 09:37:42,575 [INFO] ThirdPartyUpdaterWithRetryManager:66 - Updater plugin not ready yet. [1/15]
2021-10-25 09:37:42,575 [INFO] PluginManage:352 - Loaded plugin thirdparty (category:base,tabindex:-1)
2021-10-25 09:37:42,576 [INFO] PluginManage:302 - Check plugin tools
2021-10-25 09:37:42,594 [INFO] PluginManage:352 - Loaded plugin tools (category:base,tabindex:7)
2021-10-25 09:37:42,601 [INFO] PluginManage:302 - Check plugin tutovideos
2021-10-25 09:37:43,333 [INFO] PluginManage:352 - Loaded plugin tutovideos (category:base,tabindex:-1)
2021-10-25 09:37:43,334 [INFO] PluginManage:302 - Check plugin updater
2021-10-25 09:37:43,412 [INFO] PluginManage:352 - Loaded plugin updater (category:base,tabindex:12)
2021-10-25 09:37:43,416 [INFO] PluginManage:275 - PluginManage : Loaded plugins [13]
2021-10-25 09:37:45,230 [INFO] PinOutPanel:1463 - setPackage(No Configuration,No Configuration)
2021-10-25 09:37:45,518 [INFO] IPUIPlugin:74 - create IPUIPlugin
2021-10-25 09:37:45,518 [INFO] PluginManager:213 - loadIPPluginJar : add lorawan
2021-10-25 09:37:45,531 [INFO] IPUIPlugin:74 - create IPUIPlugin
2021-10-25 09:37:45,532 [INFO] PluginManager:213 - loadIPPluginJar : add i2c
2021-10-25 09:37:45,541 [INFO] IPUIPlugin:74 - create IPUIPlugin
2021-10-25 09:37:45,542 [INFO] PluginManager:213 - loadIPPluginJar : add openamp
2021-10-25 09:37:45,549 [INFO] IPUIPlugin:74 - create IPUIPlugin
2021-10-25 09:37:45,550 [INFO] PluginManager:213 - loadIPPluginJar : add spi
2021-10-25 09:37:45,573 [INFO] IPUIPlugin:74 - create IPUIPlugin
2021-10-25 09:37:45,574 [INFO] PluginManager:213 - loadIPPluginJar : add ipddr
2021-10-25 09:37:45,575 [INFO] ThirdPartyUpdaterWithRetryManager:66 - Updater plugin not ready yet. [2/15]
2021-10-25 09:37:45,600 [INFO] IPUIPlugin:74 - create IPUIPlugin
2021-10-25 09:37:45,601 [INFO] PluginManager:213 - loadIPPluginJar : add nvic
2021-10-25 09:37:45,658 [INFO] IPUIPlugin:74 - create IPUIPlugin
2021-10-25 09:37:45,659 [INFO] PluginManager:213 - loadIPPluginJar : add freertos
2021-10-25 09:37:45,676 [INFO] IPUIPlugin:74 - create IPUIPlugin
2021-10-25 09:37:45,679 [INFO] PluginManager:213 - loadIPPluginJar : add pdm2pcm
2021-10-25 09:37:45,686 [INFO] IPUIPlugin:74 - create IPUIPlugin
2021-10-25 09:37:45,687 [INFO] PluginManager:213 - loadIPPluginJar : add gtzc
2021-10-25 09:37:45,695 [INFO] IPUIPlugin:74 - create IPUIPlugin
2021-10-25 09:37:45,695 [INFO] PluginManager:213 - loadIPPluginJar : add usart
2021-10-25 09:37:45,714 [INFO] IPUIPlugin:74 - create IPUIPlugin
2021-10-25 09:37:45,715 [INFO] PluginManager:213 - loadIPPluginJar : add opamp
2021-10-25 09:37:45,721 [INFO] IPUIPlugin:74 - create IPUIPlugin
2021-10-25 09:37:45,722 [INFO] PluginManager:213 - loadIPPluginJar : add tracer_emb
2021-10-25 09:37:45,728 [INFO] IPUIPlugin:74 - create IPUIPlugin
2021-10-25 09:37:45,729 [INFO] PluginManager:213 - loadIPPluginJar : add hash
2021-10-25 09:37:45,739 [INFO] IPUIPlugin:74 - create IPUIPlugin
2021-10-25 09:37:45,740 [INFO] PluginManager:213 - loadIPPluginJar : add tsc
2021-10-25 09:37:45,745 [INFO] IPUIPlugin:74 - create IPUIPlugin
2021-10-25 09:37:45,746 [INFO] PluginManager:213 - loadIPPluginJar : add dma3
2021-10-25 09:37:45,763 [INFO] IPUIPlugin:74 - create IPUIPlugin
2021-10-25 09:37:45,763 [INFO] PluginManager:213 - loadIPPluginJar : add ltdc
2021-10-25 09:37:45,768 [INFO] IPUIPlugin:74 - create IPUIPlugin
2021-10-25 09:37:45,769 [INFO] PluginManager:213 - loadIPPluginJar : add tim
2021-10-25 09:37:45,833 [INFO] IPUIPlugin:74 - create IPUIPlugin
2021-10-25 09:37:45,834 [INFO] PluginManager:213 - loadIPPluginJar : add stm32_wpan
2021-10-25 09:37:45,851 [INFO] IPUIPlugin:74 - create IPUIPlugin
2021-10-25 09:37:45,852 [INFO] PluginManager:213 - loadIPPluginJar : add adc
2021-10-25 09:37:45,878 [INFO] IPUIPlugin:74 - create IPUIPlugin
2021-10-25 09:37:45,879 [INFO] PluginManager:213 - loadIPPluginJar : add fmc
2021-10-25 09:37:45,883 [INFO] IPUIPlugin:74 - create IPUIPlugin
2021-10-25 09:37:45,884 [INFO] PluginManager:213 - loadIPPluginJar : add ts
2021-10-25 09:37:45,900 [INFO] IPUIPlugin:74 - create IPUIPlugin
2021-10-25 09:37:45,901 [INFO] PluginManager:213 - loadIPPluginJar : add gic
2021-10-25 09:37:45,906 [INFO] IPUIPlugin:74 - create IPUIPlugin
2021-10-25 09:37:45,907 [INFO] PluginManager:213 - loadIPPluginJar : add quadspi
2021-10-25 09:37:45,921 [INFO] IPUIPlugin:74 - create IPUIPlugin
2021-10-25 09:37:45,921 [INFO] PluginManager:213 - loadIPPluginJar : add linkedlist
2021-10-25 09:37:45,951 [INFO] IPUIPlugin:74 - create IPUIPlugin
2021-10-25 09:37:45,952 [INFO] PluginManager:213 - loadIPPluginJar : add i2s
2021-10-25 09:37:45,977 [INFO] IPUIPlugin:74 - create IPUIPlugin
2021-10-25 09:37:45,993 [INFO] PluginManager:213 - loadIPPluginJar : add usbx
2021-10-25 09:37:46,013 [INFO] IPUIPlugin:74 - create IPUIPlugin
2021-10-25 09:37:46,014 [INFO] PluginManager:213 - loadIPPluginJar : add dma
2021-10-25 09:37:46,028 [INFO] IPUIPlugin:74 - create IPUIPlugin
2021-10-25 09:37:46,029 [INFO] PluginManager:213 - loadIPPluginJar : add touchsensing
2021-10-25 09:37:46,037 [INFO] IPUIPlugin:74 - create IPUIPlugin
2021-10-25 09:37:46,038 [INFO] PluginManager:213 - loadIPPluginJar : add can
2021-10-25 09:37:46,056 [INFO] IPUIPlugin:74 - create IPUIPlugin
2021-10-25 09:37:46,057 [INFO] PluginManager:213 - loadIPPluginJar : add sai
2021-10-25 09:37:46,062 [INFO] IPUIPlugin:74 - create IPUIPlugin
2021-10-25 09:37:46,062 [INFO] PluginManager:213 - loadIPPluginJar : add comp
2021-10-25 09:37:46,086 [INFO] IPUIPlugin:74 - create IPUIPlugin
2021-10-25 09:37:46,087 [INFO] PluginManager:213 - loadIPPluginJar : add resmgrutility
2021-10-25 09:37:46,106 [INFO] IPUIPlugin:74 - create IPUIPlugin
2021-10-25 09:37:46,107 [INFO] PluginManager:213 - loadIPPluginJar : add gfxmmu
2021-10-25 09:37:46,114 [INFO] IPUIPlugin:74 - create IPUIPlugin
2021-10-25 09:37:46,114 [INFO] PluginManager:213 - loadIPPluginJar : add aes
2021-10-25 09:37:46,126 [INFO] IPUIPlugin:74 - create IPUIPlugin
2021-10-25 09:37:46,127 [INFO] PluginManager:213 - loadIPPluginJar : add cryp
2021-10-25 09:37:46,136 [INFO] IPUIPlugin:74 - create IPUIPlugin
2021-10-25 09:37:46,137 [INFO] PluginManager:213 - loadIPPluginJar : add genericplugin
2021-10-25 09:37:46,149 [INFO] IPUIPlugin:74 - create IPUIPlugin
2021-10-25 09:37:46,150 [INFO] PluginManager:213 - loadIPPluginJar : add ucpd
2021-10-25 09:37:46,161 [INFO] IPUIPlugin:74 - create IPUIPlugin
2021-10-25 09:37:46,162 [INFO] PluginManager:213 - loadIPPluginJar : add gpio
2021-10-25 09:37:46,173 [INFO] IPUIPlugin:74 - create IPUIPlugin
2021-10-25 09:37:46,173 [INFO] PluginManager:213 - loadIPPluginJar : add fatfs
2021-10-25 09:37:46,202 [INFO] IPUIPlugin:74 - create IPUIPlugin
2021-10-25 09:37:46,202 [INFO] PluginManager:213 - loadIPPluginJar : add mdma
2021-10-25 09:37:46,214 [INFO] IPUIPlugin:74 - create IPUIPlugin
2021-10-25 09:37:46,215 [INFO] PluginManager:213 - loadIPPluginJar : add dfsdm
2021-10-25 09:37:46,264 [INFO] IPUIPlugin:74 - create IPUIPlugin
2021-10-25 09:37:46,281 [INFO] PluginManager:213 - loadIPPluginJar : add plateformsettings
2021-10-25 09:37:47,817 [FATAL] Updater:294 - Updater called before beeing initialized
2021-10-25 09:37:48,057 [FATAL] Updater:294 - Updater called before beeing initialized
2021-10-25 09:37:48,065 [INFO] DbMcusAds:47 - JSON generation date=Tue May 11 08:32:49 PDT 2021 (1620747169502)
2021-10-25 09:37:48,065 [FATAL] Updater:294 - Updater called before beeing initialized
2021-10-25 09:37:48,275 [WARN] DetailPanel:314 - Failed to get advertising image, set to default
2021-10-25 09:37:48,554 [FATAL] Updater:294 - Updater called before beeing initialized
2021-10-25 09:37:48,558 [FATAL] Updater:294 - Updater called before beeing initialized
2021-10-25 09:37:48,558 [FATAL] Updater:294 - Updater called before beeing initialized
2021-10-25 09:37:48,558 [WARN] DetailPanel:314 - Failed to get advertising image, set to default
2021-10-25 09:37:48,561 [FATAL] Updater:294 - Updater called before beeing initialized
2021-10-25 09:37:48,576 [INFO] ThirdPartyUpdaterWithRetryManager:66 - Updater plugin not ready yet. [3/15]
2021-10-25 09:37:48,682 [ERROR] Updater:1075 - MainUpdater not yet initialized. External WinMGr cannot be set.
2021-10-25 09:37:48,714 [INFO] Updater:1012 - Updater Version found : 6.3.0
2021-10-25 09:37:48,786 [INFO] ApplicationProperties:181 - Using Application install path: /home/user/st/stm32cubeide_1.7.0_2/plugins/com.st.stm32cube.common.mx_6.3.0.202107141111
2021-10-25 09:37:48,869 [INFO] MainUpdater:489 - Copy updater definitions from MX database
2021-10-25 09:37:48,977 [INFO] MainUpdater:522 - Copy flag file definitions from MX database
2021-10-25 09:37:48,987 [INFO] MainUpdater:538 - Copy thirdparty index definitions from MX database
2021-10-25 09:37:49,008 [INFO] MainUpdater:557 - Copy default thirdparty db definitions from MX database
2021-10-25 09:37:49,508 [INFO] MainUpdater:2671 - connection check result : 10
2021-10-25 09:37:49,509 [INFO] MainUpdater:3359 - Updater definition file requires update
2021-10-25 09:37:49,512 [INFO] MainUpdater:265 - Updater Check For Update Now.
2021-10-25 09:37:49,513 [INFO] MicroXplorer:478 - Change Database Version : DB.6.0.30
2021-10-25 09:37:49,823 [INFO] ServerAccessManage:362 - Download File updaters.zip
2021-10-25 09:37:50,178 [INFO] FileExtend:235 - Unzip File : updaters.zip
2021-10-25 09:37:50,178 [INFO] FileExtend:250 - Standard Zip Deflate
2021-10-25 09:37:52,971 [WARN] MainUpdater:1122 - Updater busy. Cannot search thirdparties
2021-10-25 09:37:52,999 [INFO] ThirdPartyUpdaterWithRetryManager:92 - Updater plugin is busy. [1/15]
2021-10-25 09:37:54,563 [INFO] ServerAccessManage:362 - Download File PacksControlFlags.xml
2021-10-25 09:37:55,251 [INFO] ServerAccessManage:362 - Download File cubemx.pidx
2021-10-25 09:37:55,937 [INFO] ServerAccessManage:362 - Download File STMicroelectronics.X-CUBE-AI.pdsc
2021-10-25 09:37:55,999 [WARN] MainUpdater:1122 - Updater busy. Cannot search thirdparties
2021-10-25 09:37:56,000 [INFO] ThirdPartyUpdaterWithRetryManager:92 - Updater plugin is busy. [2/15]
2021-10-25 09:37:56,667 [INFO] ServerAccessManage:362 - Download File STMicroelectronics.X-CUBE-ALS.pdsc
2021-10-25 09:37:56,879 [INFO] ServerAccessManage:362 - Download File STMicroelectronics.X-CUBE-BLE1.pdsc
2021-10-25 09:37:57,634 [ERROR] ServerAccessManage:974 - Problem, file not found on Server
2021-10-25 09:37:57,729 [INFO] ServerAccessManage:362 - Download File STMicroelectronics.X-CUBE-BLE2.pdsc
2021-10-25 09:37:58,265 [INFO] ServerAccessManage:362 - Download File STMicroelectronics.X-CUBE-DISPLAY.pdsc
2021-10-25 09:37:58,410 [INFO] ServerAccessManage:362 - Download File STMicroelectronics.X-CUBE-EEPRMA1.pdsc
2021-10-25 09:37:58,622 [INFO] ServerAccessManage:362 - Download File STMicroelectronics.X-CUBE-GNSS1.pdsc
2021-10-25 09:37:59,000 [WARN] MainUpdater:1122 - Updater busy. Cannot search thirdparties
2021-10-25 09:37:59,001 [INFO] ThirdPartyUpdaterWithRetryManager:92 - Updater plugin is busy. [3/15]
2021-10-25 09:37:59,346 [ERROR] ServerAccessManage:974 - Problem, file not found on Server
2021-10-25 09:37:59,489 [ERROR] ServerAccessManage:974 - Problem, file not found on Server
2021-10-25 09:37:59,654 [ERROR] ServerAccessManage:974 - Problem, file not found on Server
2021-10-25 09:37:59,782 [ERROR] ServerAccessManage:974 - Problem, file not found on Server
2021-10-25 09:37:59,920 [ERROR] ServerAccessManage:974 - Problem, file not found on Server
2021-10-25 09:38:00,062 [ERROR] ServerAccessManage:974 - Problem, file not found on Server
2021-10-25 09:38:00,137 [INFO] ServerAccessManage:362 - Download File STMicroelectronics.X-CUBE-MEMS1.pdsc
2021-10-25 09:38:00,862 [INFO] MainUpdater:2671 - connection check result : 10
2021-10-25 09:38:01,665 [INFO] ServerAccessManage:362 - Download File STMicroelectronics.X-CUBE-NFC4.pdsc
2021-10-25 09:38:02,002 [WARN] MainUpdater:1122 - Updater busy. Cannot search thirdparties
2021-10-25 09:38:02,003 [INFO] ThirdPartyUpdaterWithRetryManager:92 - Updater plugin is busy. [4/15]
2021-10-25 09:38:02,361 [INFO] ServerAccessManage:362 - Download File STMicroelectronics.X-CUBE-SFXS2LP1.pdsc
2021-10-25 09:38:02,892 [INFO] ServerAccessManage:362 - Download File STMicroelectronics.X-CUBE-SUBG2.pdsc
2021-10-25 09:38:03,673 [INFO] ServerAccessManage:362 - Download File STMicroelectronics.X-CUBE-TOF1.pdsc
2021-10-25 09:38:04,160 [ERROR] ServerAccessManage:974 - Problem, file not found on Server
2021-10-25 09:38:04,296 [INFO] ServerAccessManage:362 - Download File STMicroelectronics.X-CUBE-TOUCHGFX.pdsc
2021-10-25 09:38:04,900 [INFO] ServerAccessManage:362 - Download File STMicroelectronics.X-CUBE-ALGOBUILD.pdsc
2021-10-25 09:38:05,004 [WARN] MainUpdater:1122 - Updater busy. Cannot search thirdparties
2021-10-25 09:38:05,005 [INFO] ThirdPartyUpdaterWithRetryManager:92 - Updater plugin is busy. [5/15]
2021-10-25 09:38:05,309 [INFO] ServerAccessManage:362 - Download File STMicroelectronics.X-CUBE-AZRTOS-H7.pdsc
2021-10-25 09:38:06,166 [INFO] ServerAccessManage:362 - Download File STMicroelectronics.X-CUBE-AZRTOS-F4.pdsc
2021-10-25 09:38:07,491 [INFO] ServerAccessManage:362 - Download File STMicroelectronics.X-CUBE-AZRTOS-L4.pdsc
2021-10-25 09:38:08,006 [WARN] MainUpdater:1122 - Updater busy. Cannot search thirdparties
2021-10-25 09:38:08,007 [INFO] ThirdPartyUpdaterWithRetryManager:92 - Updater plugin is busy. [6/15]
2021-10-25 09:38:11,008 [WARN] MainUpdater:1122 - Updater busy. Cannot search thirdparties
2021-10-25 09:38:11,008 [INFO] ThirdPartyUpdaterWithRetryManager:92 - Updater plugin is busy. [7/15]
2021-10-25 09:38:12,120 [INFO] ServerAccessManage:362 - Download File wolfSSL.I-CUBE-wolfSSL.pdsc
2021-10-25 09:38:14,009 [WARN] MainUpdater:1122 - Updater busy. Cannot search thirdparties
2021-10-25 09:38:14,009 [INFO] ThirdPartyUpdaterWithRetryManager:92 - Updater plugin is busy. [8/15]
2021-10-25 09:38:14,526 [INFO] McuFinderGlobals:52 - Set McuFinderConnectedMode to false
2021-10-25 09:38:15,063 [INFO] CrossSelectorPresenter:1330 - Cross Selector saved comparison directory: /home/user/.stmcufinder/plugins/mcufinder/mcu/cs_comparisons_mx
2021-10-25 09:38:15,121 [INFO] MultiScanPanel:197 - Auto-refresh data requested => check proxy status ongoing
2021-10-25 09:38:15,121 [INFO] MultiScanPanel:201 - Proxy status is invalid
2021-10-25 09:38:15,142 [INFO] FinderPluginLoader:87 - Searching for filters in installed packs
2021-10-25 09:38:15,374 [INFO] DbMcusXml:100 - Load MCU database from /home/user/st/stm32cubeide_1.7.0_2/plugins/com.st.stm32cube.common.mx_6.3.0.202107141111//db//mcu/families.xml
2021-10-25 09:38:16,136 [ERROR] ServerAccessManage:974 - Problem, file not found on Server
2021-10-25 09:38:17,009 [WARN] MainUpdater:1122 - Updater busy. Cannot search thirdparties
2021-10-25 09:38:17,010 [INFO] ThirdPartyUpdaterWithRetryManager:92 - Updater plugin is busy. [9/15]
2021-10-25 09:38:17,709 [ERROR] ServerAccessManage:974 - Problem, file not found on Server
2021-10-25 09:38:19,142 [ERROR] ServerAccessManage:974 - Problem, file not found on Server
2021-10-25 09:38:20,113 [WARN] MainUpdater:1122 - Updater busy. Cannot search thirdparties
2021-10-25 09:38:20,114 [INFO] ThirdPartyUpdaterWithRetryManager:92 - Updater plugin is busy. [10/15]
2021-10-25 09:38:20,376 [INFO] ServerAccessManage:362 - Download File RoweBots.I-CUBE-UNISONRTOS.pdsc
2021-10-25 09:38:22,572 [ERROR] ServerAccessManage:974 - Problem, file not found on Server
2021-10-25 09:38:22,982 [INFO] DbMcusJson:93 - JSON generation date=Mon Jun 07 01:53:21 PDT 2021 (1623056001)
2021-10-25 09:38:23,114 [WARN] MainUpdater:1122 - Updater busy. Cannot search thirdparties
2021-10-25 09:38:23,115 [INFO] ThirdPartyUpdaterWithRetryManager:92 - Updater plugin is busy. [11/15]
2021-10-25 09:38:23,792 [ERROR] ServerAccessManage:974 - Problem, file not found on Server
2021-10-25 09:38:24,957 [ERROR] ServerAccessManage:974 - Problem, file not found on Server
2021-10-25 09:38:26,074 [ERROR] ServerAccessManage:974 - Problem, file not found on Server
2021-10-25 09:38:26,115 [WARN] MainUpdater:1122 - Updater busy. Cannot search thirdparties
2021-10-25 09:38:26,116 [INFO] ThirdPartyUpdaterWithRetryManager:92 - Updater plugin is busy. [12/15]
2021-10-25 09:38:26,902 [INFO] ServerAccessManage:362 - Download File SEGGER.I-CUBE-embOS.pdsc
2021-10-25 09:38:27,989 [INFO] DbMcus:175 - Found 1951 MCUs (1903 are supported by CubeMX, 1903 are visible in CubeMX)
2021-10-25 09:38:28,036 [INFO] ApiDb:242 - User favorites file not found: /home/user/.stm32cubeide/favorites.mcus.txt
2021-10-25 09:38:28,038 [INFO] DbMcus:187 - Set 0 / 0 favorites MCUs
2021-10-25 09:38:28,374 [INFO] CheckServerUpdateThread:112 - End of CheckServer Thread
2021-10-25 09:38:28,481 [WARN] PackLoader:238 - Cannot read IP mode file for STMicroelectronics.X-CUBE-AI.7.0.0
2021-10-25 09:38:28,508 [WARN] PackLoader:238 - Cannot read IP mode file for STMicroelectronics.X-CUBE-ALS.1.0.1
2021-10-25 09:38:28,561 [WARN] PackLoader:238 - Cannot read IP mode file for STMicroelectronics.X-CUBE-BLE1.6.2.1
2021-10-25 09:38:28,618 [WARN] PackLoader:238 - Cannot read IP mode file for STMicroelectronics.X-CUBE-BLE2.3.2.2
2021-10-25 09:38:28,662 [WARN] PackLoader:238 - Cannot read IP mode file for STMicroelectronics.X-CUBE-DISPLAY.1.0.0
2021-10-25 09:38:28,683 [WARN] PackLoader:238 - Cannot read IP mode file for STMicroelectronics.X-CUBE-EEPRMA1.3.1.0
2021-10-25 09:38:28,741 [WARN] PackLoader:238 - Cannot read IP mode file for STMicroelectronics.X-CUBE-GNSS1.5.2.0
2021-10-25 09:38:29,240 [WARN] PackLoader:238 - Cannot read IP mode file for STMicroelectronics.X-CUBE-MEMS1.9.0.0
2021-10-25 09:38:29,525 [WARN] PackLoader:238 - Cannot read IP mode file for RoweBots.I-CUBE-UNISONRTOS.5.5.0-4
2021-10-25 09:38:30,074 [WARN] PackLoader:238 - Cannot read IP mode file for STMicroelectronics.X-CUBE-MEMS1.9.0.0
2021-10-25 09:38:30,955 [WARN] PackLoader:238 - Cannot read IP mode file for STMicroelectronics.X-CUBE-NFC4.2.0.3
2021-10-25 09:38:31,005 [WARN] PackLoader:238 - Cannot read IP mode file for STMicroelectronics.X-CUBE-SFXS2LP1.3.1.0
2021-10-25 09:38:31,071 [WARN] PackLoader:238 - Cannot read IP mode file for STMicroelectronics.X-CUBE-SUBG2.4.2.0
2021-10-25 09:38:31,161 [WARN] PackLoader:238 - Cannot read IP mode file for STMicroelectronics.X-CUBE-TOF1.2.0.0
2021-10-25 09:38:31,191 [WARN] PackLoader:238 - Cannot read IP mode file for STMicroelectronics.X-CUBE-TOUCHGFX.4.17.0
2021-10-25 09:38:31,223 [WARN] PackLoader:238 - Cannot read IP mode file for STMicroelectronics.X-CUBE-ALGOBUILD.1.2.1
2021-10-25 09:38:31,292 [WARN] PackLoader:238 - Cannot read IP mode file for SEGGER.I-CUBE-embOS.1.2.0
2021-10-25 09:38:31,312 [WARN] PackLoader:238 - Cannot read IP mode file for STMicroelectronics.X-CUBE-AZRTOS-H7.2.0.0
2021-10-25 09:38:31,525 [WARN] PackLoader:238 - Cannot read IP mode file for STMicroelectronics.X-CUBE-AZRTOS-F4.1.0.0
2021-10-25 09:38:31,640 [WARN] PackLoader:238 - Cannot read IP mode file for STMicroelectronics.X-CUBE-BLE1.6.2.1
2021-10-25 09:38:31,682 [WARN] PackLoader:238 - Cannot read IP mode file for STMicroelectronics.X-CUBE-AZRTOS-L4.1.0.0
2021-10-25 09:38:31,689 [WARN] PackLoader:238 - Cannot read IP mode file for STMicroelectronics.X-CUBE-BLE2.3.2.2
2021-10-25 09:38:31,726 [WARN] PackLoader:238 - Cannot read IP mode file for wolfSSL.I-CUBE-wolfSSL.4.8.0
2021-10-25 09:38:31,730 [WARN] PackLoader:238 - Cannot read IP mode file for STMicroelectronics.X-CUBE-NFC4.2.0.3
2021-10-25 09:38:31,751 [WARN] PackLoader:238 - Cannot read IP mode file for wolfSSL.I-CUBE-wolfSSL.4.8.0
2021-10-25 09:38:31,755 [WARN] PackLoader:238 - Cannot read IP mode file for RoweBots.I-CUBE-UNISONRTOS.5.5.0-4
2021-10-25 09:38:31,760 [WARN] PackLoader:238 - Cannot read IP mode file for STMicroelectronics.X-CUBE-TOUCHGFX.4.17.0
2021-10-25 09:38:31,779 [WARN] PackLoader:238 - Cannot read IP mode file for STMicroelectronics.X-CUBE-SFXS2LP1.3.1.0
2021-10-25 09:38:31,855 [WARN] PackLoader:238 - Cannot read IP mode file for STMicroelectronics.X-CUBE-AZRTOS-F4.1.0.0
2021-10-25 09:38:31,961 [WARN] PackLoader:238 - Cannot read IP mode file for STMicroelectronics.X-CUBE-AZRTOS-H7.2.0.0
2021-10-25 09:38:31,984 [WARN] PackLoader:238 - Cannot read IP mode file for SEGGER.I-CUBE-embOS.1.2.0
2021-10-25 09:38:32,091 [WARN] PackLoader:238 - Cannot read IP mode file for STMicroelectronics.X-CUBE-AZRTOS-L4.1.0.0
2021-10-25 09:38:32,141 [WARN] PackLoader:238 - Cannot read IP mode file for STMicroelectronics.X-CUBE-TOF1.2.0.0
2021-10-25 09:38:32,262 [WARN] PackLoader:238 - Cannot read IP mode file for STMicroelectronics.X-CUBE-SUBG2.4.2.0
2021-10-25 09:38:32,273 [INFO] PopulateThirdPartyThread:60 - Ending populate Thread
2021-10-25 09:38:32,306 [INFO] ThirdParty:967 - CMSIS Pack Vendor :STMicroelectronics X-CUBE-AI 7.0.0
2021-10-25 09:38:32,306 [INFO] ThirdParty:967 - CMSIS Pack Vendor :STMicroelectronics X-CUBE-SFXS2LP1 3.1.0
2021-10-25 09:38:32,306 [INFO] ThirdParty:967 - CMSIS Pack Vendor :RoweBots I-CUBE-UNISONRTOS 5.5.0-4
2021-10-25 09:38:32,306 [INFO] ThirdParty:967 - CMSIS Pack Vendor :STMicroelectronics X-CUBE-ALGOBUILD 1.2.1
2021-10-25 09:38:32,307 [INFO] ThirdParty:967 - CMSIS Pack Vendor :STMicroelectronics X-CUBE-AZRTOS-F4 1.0.0
2021-10-25 09:38:32,315 [INFO] ThirdParty:967 - CMSIS Pack Vendor :STMicroelectronics X-CUBE-AZRTOS-H7 2.0.0
2021-10-25 09:38:32,316 [INFO] ThirdParty:967 - CMSIS Pack Vendor :STMicroelectronics X-CUBE-DISPLAY 1.0.0
2021-10-25 09:38:32,316 [INFO] ThirdParty:967 - CMSIS Pack Vendor :STMicroelectronics X-CUBE-AZRTOS-L4 1.0.0
2021-10-25 09:38:32,316 [INFO] ThirdParty:967 - CMSIS Pack Vendor :STMicroelectronics X-CUBE-EEPRMA1 3.1.0
2021-10-25 09:38:32,316 [INFO] ThirdParty:967 - CMSIS Pack Vendor :SEGGER I-CUBE-embOS 1.2.0
2021-10-25 09:38:32,316 [INFO] ThirdParty:967 - CMSIS Pack Vendor :STMicroelectronics X-CUBE-TOF1 2.0.0
2021-10-25 09:38:32,316 [INFO] ThirdParty:967 - CMSIS Pack Vendor :STMicroelectronics X-CUBE-GNSS1 5.2.0
2021-10-25 09:38:32,316 [INFO] ThirdParty:967 - CMSIS Pack Vendor :STMicroelectronics X-CUBE-BLE1 6.2.1
2021-10-25 09:38:32,316 [INFO] ThirdParty:967 - CMSIS Pack Vendor :STMicroelectronics X-CUBE-BLE2 3.2.2
2021-10-25 09:38:32,316 [INFO] ThirdParty:967 - CMSIS Pack Vendor :STMicroelectronics X-CUBE-MEMS1 9.0.0
2021-10-25 09:38:32,316 [INFO] ThirdParty:967 - CMSIS Pack Vendor :STMicroelectronics X-CUBE-NFC4 2.0.3
2021-10-25 09:38:32,317 [INFO] ThirdParty:967 - CMSIS Pack Vendor :STMicroelectronics X-CUBE-SUBG2 4.2.0
2021-10-25 09:38:32,317 [INFO] ThirdParty:967 - CMSIS Pack Vendor :wolfSSL I-CUBE-wolfSSL 4.8.0
2021-10-25 09:38:32,317 [INFO] ThirdParty:967 - CMSIS Pack Vendor :STMicroelectronics X-CUBE-TOUCHGFX 4.17.0
2021-10-25 09:38:32,317 [INFO] ThirdParty:967 - CMSIS Pack Vendor :STMicroelectronics X-CUBE-ALS 1.0.1
2021-10-25 09:38:32,326 [INFO] LoadServerUpdatesThread:339 - End of LoadServerUpdate Thread
2021-10-25 09:38:32,327 [WARN] PackLoader:238 - Cannot read IP mode file for STMicroelectronics.X-CUBE-ALS.1.0.1
2021-10-25 09:38:32,366 [WARN] PackLoader:238 - Cannot read IP mode file for STMicroelectronics.X-CUBE-AI.7.0.0
2021-10-25 09:38:32,388 [WARN] PackLoader:238 - Cannot read IP mode file for STMicroelectronics.X-CUBE-ALGOBUILD.1.2.1
2021-10-25 09:38:32,419 [WARN] PackLoader:238 - Cannot read IP mode file for STMicroelectronics.X-CUBE-DISPLAY.1.0.0
2021-10-25 09:38:32,440 [WARN] PackLoader:238 - Cannot read IP mode file for STMicroelectronics.X-CUBE-EEPRMA1.3.1.0
2021-10-25 09:38:32,471 [WARN] PackLoader:238 - Cannot read IP mode file for STMicroelectronics.X-CUBE-GNSS1.5.2.0
2021-10-25 09:38:32,473 [INFO] ThirdParty:915 - Integrity check success = true
2021-10-25 09:38:32,479 [INFO] IntegrityCheckThread:94 - exiting critical section [integrity check]
2021-10-25 09:38:32,479 [INFO] IntegrityCheckThread:97 - End integrity checks thread
2021-10-25 09:38:32,623 [WARN] DetailPanel:314 - Failed to get advertising image, set to default
2021-10-25 09:38:34,591 [INFO] DbBoardsPdsc:90 - Found 33 items
2021-10-25 09:38:34,608 [INFO] DbBoardsPdsc:90 - Found 25 items
2021-10-25 09:38:34,624 [INFO] DbBoardsPdsc:90 - Found 5 items
2021-10-25 09:38:34,656 [INFO] DbBoardsPdsc:90 - Found 48 items
2021-10-25 09:38:34,751 [INFO] DbBoardsPdsc:90 - Found 9 items
2021-10-25 09:38:34,788 [INFO] DbBoardsPdsc:90 - Found 2 items
2021-10-25 09:38:34,791 [INFO] DbBoardsPdsc:90 - Found 1 items
2021-10-25 09:38:34,819 [INFO] DbBoardsPdsc:90 - Found 43 items
2021-10-25 09:38:34,859 [WARN] DbBoardsPdsc:254 - Board STM32H7B3I-DK: unknown feature type=Audio, name=, username=Audio stereo codec with Headphone Amp (CS42L51-CNZ), n=1
2021-10-25 09:38:34,859 [WARN] DbBoardsPdsc:254 - Board STM32H735G-DK: unknown feature type=Audio, name=, username=Audio stereo codec with Headphone Amp (WM8994ECS/R), n=1
2021-10-25 09:38:34,874 [WARN] DbBoardsPdsc:254 - Board STM32H7B3I-EVAL: unknown feature type=Audio, name=, username=Multi-Channel Audio Codec (CS42L51-CNZ), n=1
2021-10-25 09:38:34,874 [WARN] DbBoardsPdsc:254 - Board STM32H7B3I-EVAL: unknown feature type=Meter, name=, username=Power-metering and Temperature-monitoring with sigma-delta modulators, n=1
2021-10-25 09:38:34,875 [WARN] DbBoardsPdsc:254 - Board STM32H7B3I-EVAL: unknown feature type=Motor, name=, username=Motor Control, n=1
2021-10-25 09:38:34,878 [WARN] DbBoardsPdsc:254 - Board STM32U575I-EV: unknown feature type=joystick, name=, username=4-direction joystick with selection button, n=1
2021-10-25 09:38:35,023 [INFO] DbBoardsJson:86 - JSON generation date=Mon May 31 22:52:40 PDT 2021 (1622526760)
2021-10-25 09:38:35,083 [INFO] DbBoards:117 - Found 166 boards (163 are supported by CubeMX)
2021-10-25 09:38:35,152 [INFO] DbBoardsDocs:143 - JSON generation date=Mon May 31 22:52:40 PDT 2021 (1622526760)
2021-10-25 09:38:35,257 [INFO] DbBoardsDocs:79 - Found 193 boards documents
2021-10-25 09:38:35,258 [WARN] DbBoards:127 - board B-L462E-CELL1 has no document id list !
2021-10-25 09:38:35,259 [WARN] DbBoards:127 - board B-L475E-IOT01A2 has no document id list !
2021-10-25 09:38:35,259 [WARN] DbBoards:127 - board B-U585I-IOT02A has no document id list !
2021-10-25 09:38:35,260 [WARN] DbBoards:127 - board NUCLEO-G0B1RE has no document id list !
2021-10-25 09:38:35,261 [WARN] DbBoards:127 - board NUCLEO-H743ZI has no document id list !
2021-10-25 09:38:35,262 [WARN] DbBoards:127 - board NUCLEO-L4A6ZG has no document id list !
2021-10-25 09:38:35,273 [WARN] DbBoards:127 - board NUCLEO-U575ZI-Q has no document id list !
2021-10-25 09:38:35,273 [WARN] DbBoards:127 - board NUCLEO-WB15CC has no document id list !
2021-10-25 09:38:35,273 [WARN] DbBoards:127 - board NUCLEO-WB55RG has no document id list !
2021-10-25 09:38:35,273 [WARN] DbBoards:127 - board NUCLEO-WL55JC2 has no document id list !
2021-10-25 09:38:35,273 [WARN] DbBoards:127 - board P-NUCLEO-WB55-Nucleo has no document id list !
2021-10-25 09:38:35,273 [WARN] DbBoards:127 - board P-NUCLEO-WB55-USBDongle has no document id list !
2021-10-25 09:38:35,274 [WARN] DbBoards:127 - board STEVAL-BFA001V1B has no document id list !
2021-10-25 09:38:35,274 [WARN] DbBoards:127 - board STEVAL-BFA001V2B has no document id list !
2021-10-25 09:38:35,274 [WARN] DbBoards:127 - board STEVAL-IDP005V1 has no document id list !
2021-10-25 09:38:35,274 [WARN] DbBoards:127 - board STEVAL-IDP005V2 has no document id list !
2021-10-25 09:38:35,274 [WARN] DbBoards:127 - board STEVAL-MKSBOX1V1 has no document id list !
2021-10-25 09:38:35,274 [WARN] DbBoards:127 - board STEVAL-STWINKT1 has no document id list !
2021-10-25 09:38:35,274 [WARN] DbBoards:127 - board STEVAL-STWINKT1B has no document id list !
2021-10-25 09:38:35,281 [WARN] DbBoards:127 - board STM32F401C-DISCO has no document id list !
2021-10-25 09:38:35,288 [WARN] DbBoards:127 - board STM32F769I-DISC1 has no document id list !
2021-10-25 09:38:35,288 [WARN] DbBoards:127 - board STM32G0C1E-EV has no document id list !
2021-10-25 09:38:35,289 [WARN] DbBoards:127 - board STM32G474E-EVAL1 has no document id list !
2021-10-25 09:38:35,289 [WARN] DbBoards:127 - board STM32H743I-EVAL2 has no document id list !
2021-10-25 09:38:35,289 [WARN] DbBoards:127 - board STM32H747I-DISC1 has no document id list !
2021-10-25 09:38:35,290 [WARN] DbBoards:127 - board STM32H753I-EVAL2 has no document id list !
2021-10-25 09:38:35,291 [WARN] DbBoards:127 - board STM32L-DISCOVERY has no document id list !
2021-10-25 09:38:35,292 [WARN] DbBoards:127 - board STM32MP157A-DK1 has no document id list !
2021-10-25 09:38:35,294 [WARN] DbBoards:127 - board STM32MP157D-DK1 has no document id list !
2021-10-25 09:38:35,305 [WARN] DbBoards:127 - board STM32MP157D-EV1 has no document id list !
2021-10-25 09:38:35,306 [WARN] DbBoards:127 - board STM32MP157F-DK2 has no document id list !
2021-10-25 09:38:35,306 [WARN] DbBoards:127 - board STM32MP157F-EV1 has no document id list !
2021-10-25 09:38:35,306 [WARN] DbBoards:127 - board STM32U575I-EV has no document id list !
2021-10-25 09:38:35,306 [WARN] DbBoards:127 - board STM32WB5MM-DK has no document id list !
2021-10-25 09:38:41,633 [ERROR] DbBoards:189 - Image file not found for board STM32U575I-EV: /home/user/st/stm32cubeide_1.7.0_2/plugins/com.st.stm32cube.common.mx_6.3.0.202107141111//db//plugins/mcufinder/images/boards/stm32u575i-ev_small.jpg
2021-10-25 09:38:41,905 [INFO] ApiDb:242 - User favorites file not found: /home/user/.stm32cubeide/favorites.boards.txt
2021-10-25 09:38:41,906 [INFO] DbBoards:206 - Set 0 / 0 favorites Boards
2021-10-25 09:40:12,974 [INFO] DbMcusDocs:143 - JSON generation date=Mon Jun 07 01:53:21 PDT 2021 (1623056001)
2021-10-25 09:40:13,800 [INFO] DbMcusDocs:79 - Found 669 MCUs documents
2021-10-25 09:42:45,599 [INFO] MainUpdater:2671 - connection check result : 10
2021-10-25 09:42:45,603 [INFO] MainUpdater:2671 - connection check result : 10
2021-10-25 09:42:45,967 [INFO] MicroXplorer:448 - Change Database Path : 
2021-10-25 09:42:45,968 [INFO] MicroXplorer:478 - Change Database Version : DB.6.0.30
2021-10-25 09:42:45,969 [WARN] ThirdParty:813 - waiting for thirdparty lock release [close project]
2021-10-25 09:42:45,969 [INFO] ThirdParty:815 - entering critical section [close project]
2021-10-25 09:42:45,973 [INFO] ThirdParty:825 - exiting critical section [close project]
2021-10-25 09:42:46,069 [INFO] PinOutPanel:1463 - setPackage(No Configuration,No Configuration)
2021-10-25 09:42:46,102 [INFO] UtilMem:74 - Begin LoadConfig() Used Memory: 493491936 Bytes (1024458752)
2021-10-25 09:42:46,117 [INFO] MicroXplorer:448 - Change Database Path : 
2021-10-25 09:42:46,117 [INFO] MicroXplorer:478 - Change Database Version : DB.6.0.30
2021-10-25 09:42:46,117 [INFO] OpenFileManager:313 - Change cursor
2021-10-25 09:42:58,348 [INFO] Context:592 - Trying to add GPIOservice into a context  which must be forbidden
2021-10-25 09:43:04,960 [INFO] ImportTextPane:167 - (OptionalMessage_ERROR) Unable to find key (Mcu.ThirdPartyNb) in loaded IOC file
2021-10-25 09:43:04,960 [INFO] ImportTextPane:167 - (OptionalMessage_ERROR) Unable to find key (Mcu.PinsNb) in loaded IOC file
2021-10-25 09:43:04,961 [INFO] ImportTextPane:167 - (OptionalMessage_ERROR) Unable to find key (Mcu.IPNb) in loaded IOC file
2021-10-25 09:43:05,294 [WARN] ApiManager:304 - Cannot register API 'Board Extension:S2868A1' from pack STMicroelectronics.X-CUBE-SFXS2LP1.3.1.0: no header file found
2021-10-25 09:43:05,295 [WARN] ApiManager:304 - Cannot register API 'Board Extension:S2868A2' from pack STMicroelectronics.X-CUBE-SFXS2LP1.3.1.0: no header file found
2021-10-25 09:43:05,295 [WARN] ApiManager:304 - Cannot register API 'Board Extension:S2915A1' from pack STMicroelectronics.X-CUBE-SFXS2LP1.3.1.0: no header file found
2021-10-25 09:43:05,388 [WARN] ModelIntegratedComponent:60 - No mode defined for component null
2021-10-25 09:43:05,390 [WARN] ModelIntegratedComponent:60 - No mode defined for component null
2021-10-25 09:43:05,390 [WARN] ModelIntegratedComponent:60 - No mode defined for component null
2021-10-25 09:43:05,391 [WARN] ModelIntegratedComponent:60 - No mode defined for component null
2021-10-25 09:43:05,391 [WARN] ModelIntegratedComponent:60 - No mode defined for component null
2021-10-25 09:43:05,392 [WARN] ModelIntegratedComponent:60 - No mode defined for component null
2021-10-25 09:43:05,392 [WARN] ModelIntegratedComponent:60 - No mode defined for component null
2021-10-25 09:43:05,392 [WARN] ModelIntegratedComponent:60 - No mode defined for component null
2021-10-25 09:43:05,392 [WARN] ModelIntegratedComponent:60 - No mode defined for component null
2021-10-25 09:43:05,392 [WARN] ModelIntegratedComponent:60 - No mode defined for component null
2021-10-25 09:43:05,392 [WARN] ModelIntegratedComponent:60 - No mode defined for component null
2021-10-25 09:43:05,392 [WARN] ModelIntegratedComponent:60 - No mode defined for component null
2021-10-25 09:43:05,392 [WARN] ModelIntegratedComponent:60 - No mode defined for component null
2021-10-25 09:43:05,393 [WARN] ModelIntegratedComponent:60 - No mode defined for component null
2021-10-25 09:43:05,393 [WARN] ModelIntegratedComponent:60 - No mode defined for component null
2021-10-25 09:43:05,393 [WARN] ModelIntegratedComponent:60 - No mode defined for component null
2021-10-25 09:43:05,393 [WARN] ModelIntegratedComponent:60 - No mode defined for component null
2021-10-25 09:43:05,393 [WARN] ModelIntegratedComponent:60 - No mode defined for component null
2021-10-25 09:43:05,394 [WARN] ModelIntegratedComponent:60 - No mode defined for component null
2021-10-25 09:43:05,394 [WARN] ModelIntegratedComponent:60 - No mode defined for component null
2021-10-25 09:43:05,394 [WARN] ModelIntegratedComponent:60 - No mode defined for component null
2021-10-25 09:43:05,394 [WARN] ModelIntegratedComponent:60 - No mode defined for component null
2021-10-25 09:43:05,394 [WARN] ModelIntegratedComponent:60 - No mode defined for component null
2021-10-25 09:43:05,395 [WARN] ModelIntegratedComponent:60 - No mode defined for component null
2021-10-25 09:43:05,395 [WARN] ModelIntegratedComponent:60 - No mode defined for component null
2021-10-25 09:43:05,395 [WARN] ModelIntegratedComponent:60 - No mode defined for component null
2021-10-25 09:43:05,395 [WARN] ModelIntegratedComponent:60 - No mode defined for component null
2021-10-25 09:43:05,395 [WARN] ModelIntegratedComponent:60 - No mode defined for component null
2021-10-25 09:43:05,397 [WARN] ModelIntegratedComponent:60 - No mode defined for component null
2021-10-25 09:43:05,398 [WARN] ModelIntegratedComponent:60 - No mode defined for component null
2021-10-25 09:43:05,398 [WARN] ModelIntegratedComponent:60 - No mode defined for component null
2021-10-25 09:43:05,847 [WARN] ApiManager:304 - Cannot register API 'Board Extension:IKS01A3' from pack STMicroelectronics.X-CUBE-MEMS1.9.0.0: no header file found
2021-10-25 09:43:05,847 [WARN] ApiManager:304 - Cannot register API 'Board Extension:IKS01A2' from pack STMicroelectronics.X-CUBE-MEMS1.9.0.0: no header file found
2021-10-25 09:43:05,847 [WARN] ApiManager:304 - Cannot register API 'Board Extension:IKS02A1' from pack STMicroelectronics.X-CUBE-MEMS1.9.0.0: no header file found
2021-10-25 09:43:05,915 [WARN] ApiManager:304 - Cannot register API 'Board Extension:S2868A1' from pack STMicroelectronics.X-CUBE-SUBG2.4.2.0: no header file found
2021-10-25 09:43:05,916 [WARN] ApiManager:304 - Cannot register API 'Board Extension:S2868A2' from pack STMicroelectronics.X-CUBE-SUBG2.4.2.0: no header file found
2021-10-25 09:43:05,916 [WARN] ApiManager:304 - Cannot register API 'Board Extension:S2915A1' from pack STMicroelectronics.X-CUBE-SUBG2.4.2.0: no header file found
2021-10-25 09:43:05,968 [INFO] RtosManager:484 - Registered RTOS mode: class=CMSIS, group=RTOS, mode=CMSIS_V1, owner=FREERTOS
2021-10-25 09:43:05,974 [INFO] RtosManager:484 - Registered RTOS mode: class=CMSIS, group=RTOS2, mode=CMSIS_V2, owner=FREERTOS
2021-10-25 09:43:05,974 [INFO] RtosManager:484 - Registered RTOS mode: class=RTOS, group=Core, mode=CMSIS_V1, owner=FREERTOS
2021-10-25 09:43:05,975 [INFO] RtosManager:484 - Registered RTOS mode: class=RTOS, group=Core, mode=CMSIS_V2, owner=FREERTOS
2021-10-25 09:43:05,975 [WARN] ModelIntegratedComponent:181 - Missing modes for component STMicroelectronics:FreeRTOS:0.0.1:STMicroelectronics:RTOS:FreeRTOS:Core:::10.2.0:
2021-10-25 09:43:06,014 [WARN] ApiManager:304 - Cannot register API 'Board Extension:EEPRMA1' from pack STMicroelectronics.X-CUBE-EEPRMA1.3.1.0: no header file found
2021-10-25 09:43:06,014 [WARN] ApiManager:304 - Cannot register API 'Board Extension:EEPRMA2' from pack STMicroelectronics.X-CUBE-EEPRMA1.3.1.0: no header file found
2021-10-25 09:43:06,020 [WARN] ApiManager:304 - Cannot register API 'Board Extension:GNSS1A1' from pack STMicroelectronics.X-CUBE-GNSS1.5.2.0: no header file found
2021-10-25 09:43:06,026 [WARN] ApiManager:304 - Cannot register API 'Board Support:Custom' from pack STMicroelectronics.X-CUBE-GNSS1.5.2.0: no header file found
2021-10-25 09:43:06,033 [WARN] ApiManager:304 - Cannot register API 'Data Exchange:lib_gnss' from pack STMicroelectronics.X-CUBE-GNSS1.5.2.0: no header file found
2021-10-25 09:43:06,126 [WARN] ApiManager:304 - Cannot register API 'Wireless:BlueNRG-MS' from pack STMicroelectronics.X-CUBE-BLE1.6.2.1: no header file found
2021-10-25 09:43:06,127 [WARN] ApiManager:304 - Cannot register API 'Wireless:BlueNRG-2' from pack STMicroelectronics.X-CUBE-BLE2.3.2.2: no header file found
2021-10-25 09:43:06,128 [WARN] ApiManager:304 - Cannot register API 'Board Extension:NFC04A1' from pack STMicroelectronics.X-CUBE-NFC4.2.0.3: no header file found
2021-10-25 09:43:10,282 [INFO] UtilMem:74 - End LoadConfig() Used Memory: 426887760 Bytes (1024458752)
2021-10-25 09:43:10,385 [WARN] ThirdParty:779 - waiting for thirdparty lock release [change project]
2021-10-25 09:43:10,385 [INFO] ThirdParty:781 - entering critical section [change project]
2021-10-25 09:43:10,386 [INFO] ThirdParty:967 - CMSIS Pack Vendor :STMicroelectronics X-CUBE-SFXS2LP1 3.1.0
2021-10-25 09:43:10,386 [INFO] ThirdParty:967 - CMSIS Pack Vendor :RoweBots I-CUBE-UNISONRTOS 5.5.0-4
2021-10-25 09:43:10,386 [INFO] ThirdParty:967 - CMSIS Pack Vendor :STMicroelectronics X-CUBE-AZRTOS-F4 1.0.0
2021-10-25 09:43:10,386 [INFO] ThirdParty:967 - CMSIS Pack Vendor :STMicroelectronics USB_HOST 2.0.0
2021-10-25 09:43:10,386 [INFO] ThirdParty:967 - CMSIS Pack Vendor :STMicroelectronics X-CUBE-AZRTOS-H7 2.0.0
2021-10-25 09:43:10,386 [INFO] ThirdParty:967 - CMSIS Pack Vendor :STMicroelectronics X-CUBE-AZRTOS-L4 1.0.0
2021-10-25 09:43:10,386 [INFO] ThirdParty:967 - CMSIS Pack Vendor :STMicroelectronics USB_DEVICE 3.0.0
2021-10-25 09:43:10,386 [INFO] ThirdParty:967 - CMSIS Pack Vendor :STMicroelectronics X-CUBE-TOF1 2.0.0
2021-10-25 09:43:10,387 [INFO] ThirdParty:967 - CMSIS Pack Vendor :STMicroelectronics HAL Drivers 0.0.0
2021-10-25 09:43:10,387 [INFO] ThirdParty:967 - CMSIS Pack Vendor :STMicroelectronics MBEDTLS 2.16.2
2021-10-25 09:43:10,387 [INFO] ThirdParty:967 - CMSIS Pack Vendor :STMicroelectronics MBEDTLS 2.14.1
2021-10-25 09:43:10,387 [INFO] ThirdParty:967 - CMSIS Pack Vendor :STMicroelectronics X-CUBE-MEMS1 9.0.0
2021-10-25 09:43:10,387 [INFO] ThirdParty:967 - CMSIS Pack Vendor :STMicroelectronics X-CUBE-SUBG2 4.2.0
2021-10-25 09:43:10,387 [INFO] ThirdParty:967 - CMSIS Pack Vendor :STMicroelectronics X-CUBE-ALS 1.0.1
2021-10-25 09:43:10,387 [INFO] ThirdParty:967 - CMSIS Pack Vendor :STMicroelectronics USB_DEVICE 2.0.0
2021-10-25 09:43:10,387 [INFO] ThirdParty:967 - CMSIS Pack Vendor :STMicroelectronics X-CUBE-AI 7.0.0
2021-10-25 09:43:10,387 [INFO] ThirdParty:967 - CMSIS Pack Vendor :STMicroelectronics X-CUBE-ALGOBUILD 1.2.1
2021-10-25 09:43:10,388 [INFO] ThirdParty:967 - CMSIS Pack Vendor :STMicroelectronics X-CUBE-DISPLAY 1.0.0
2021-10-25 09:43:10,388 [INFO] ThirdParty:967 - CMSIS Pack Vendor :STMicroelectronics FreeRTOS 0.0.1
2021-10-25 09:43:10,389 [INFO] ThirdParty:967 - CMSIS Pack Vendor :STMicroelectronics USB_DEVICE 1.0.0
2021-10-25 09:43:10,389 [INFO] ThirdParty:967 - CMSIS Pack Vendor :SEGGER I-CUBE-embOS 1.2.0
2021-10-25 09:43:10,390 [INFO] ThirdParty:967 - CMSIS Pack Vendor :STMicroelectronics X-CUBE-EEPRMA1 3.1.0
2021-10-25 09:43:10,393 [INFO] ThirdParty:967 - CMSIS Pack Vendor :STMicroelectronics X-CUBE-GNSS1 5.2.0
2021-10-25 09:43:10,393 [INFO] ThirdParty:967 - CMSIS Pack Vendor :STMicroelectronics ThreadX 0.0.2
2021-10-25 09:43:10,393 [INFO] ThirdParty:967 - CMSIS Pack Vendor :STMicroelectronics lwIP 2.0.3
2021-10-25 09:43:10,394 [INFO] ThirdParty:967 - CMSIS Pack Vendor :STMicroelectronics lwIP 2.1.2
2021-10-25 09:43:10,394 [INFO] ThirdParty:967 - CMSIS Pack Vendor :STMicroelectronics X-CUBE-BLE1 6.2.1
2021-10-25 09:43:10,394 [INFO] ThirdParty:967 - CMSIS Pack Vendor :STMicroelectronics X-CUBE-BLE2 3.2.2
2021-10-25 09:43:10,394 [INFO] ThirdParty:967 - CMSIS Pack Vendor :STMicroelectronics USB_HOST 1.0.0
2021-10-25 09:43:10,394 [INFO] ThirdParty:967 - CMSIS Pack Vendor :STMicroelectronics X-CUBE-NFC4 2.0.3
2021-10-25 09:43:10,394 [INFO] ThirdParty:967 - CMSIS Pack Vendor :wolfSSL I-CUBE-wolfSSL 4.8.0
2021-10-25 09:43:10,394 [INFO] ThirdParty:967 - CMSIS Pack Vendor :STMicroelectronics X-CUBE-TOUCHGFX 4.17.0
2021-10-25 09:43:10,394 [INFO] ThirdParty:967 - CMSIS Pack Vendor :STMicroelectronics PDM2PCM 3.1.0
2021-10-25 09:43:10,395 [INFO] ThirdParty:967 - CMSIS Pack Vendor :STMicroelectronics PDM2PCM 3.2.0
2021-10-25 09:43:10,395 [INFO] ThirdParty:967 - CMSIS Pack Vendor :STMicroelectronics PDM2PCM 3.3.0
2021-10-25 09:43:10,395 [INFO] ThirdParty:787 - exiting critical section [change project]
2021-10-25 09:43:13,053 [INFO] PinOutPanel:1463 - setPackage(No Configuration,No Configuration)
2021-10-25 09:43:13,262 [INFO] PinOutPanel:1463 - setPackage(STM32F407VGTx,LQFP100)
2021-10-25 09:43:15,672 [INFO] UtilMem:74 - Before build in PCC Used Memory: 418538848 Bytes (1024458752)
2021-10-25 09:43:20,376 [INFO] UtilMem:74 - After build in PCC Used Memory: 475684192 Bytes (1024458752)
2021-10-25 09:43:20,528 [INFO] IPUIPlugin:74 - create IPUIPlugin
2021-10-25 09:43:20,529 [INFO] IPUIPlugin:74 - create IPUIPlugin
2021-10-25 09:43:20,529 [INFO] IPUIPlugin:74 - create IPUIPlugin
2021-10-25 09:43:20,539 [INFO] IPUIPlugin:74 - create IPUIPlugin
2021-10-25 09:43:20,540 [INFO] IPUIPlugin:74 - create IPUIPlugin
2021-10-25 09:43:20,541 [INFO] IPUIPlugin:74 - create IPUIPlugin
2021-10-25 09:43:20,541 [INFO] IPUIPlugin:74 - create IPUIPlugin
2021-10-25 09:43:20,542 [INFO] IPUIPlugin:74 - create IPUIPlugin
2021-10-25 09:43:20,547 [INFO] IPUIPlugin:74 - create IPUIPlugin
2021-10-25 09:43:20,548 [INFO] IPUIPlugin:74 - create IPUIPlugin
2021-10-25 09:43:20,550 [INFO] IPUIPlugin:74 - create IPUIPlugin
2021-10-25 09:43:20,569 [INFO] IPUIPlugin:74 - create IPUIPlugin
2021-10-25 09:43:20,586 [INFO] IPUIPlugin:74 - create IPUIPlugin
2021-10-25 09:43:20,587 [INFO] IPUIPlugin:74 - create IPUIPlugin
2021-10-25 09:43:20,589 [INFO] IPUIPlugin:74 - create IPUIPlugin
2021-10-25 09:43:20,591 [INFO] IPUIPlugin:74 - create IPUIPlugin
2021-10-25 09:43:20,591 [INFO] IPUIPlugin:74 - create IPUIPlugin
2021-10-25 09:43:20,619 [INFO] IPUIPlugin:74 - create IPUIPlugin
2021-10-25 09:43:20,620 [INFO] IPUIPlugin:74 - create IPUIPlugin
2021-10-25 09:43:20,625 [INFO] IPUIPlugin:74 - create IPUIPlugin
2021-10-25 09:43:20,626 [INFO] IPUIPlugin:74 - create IPUIPlugin
2021-10-25 09:43:20,626 [INFO] IPUIPlugin:74 - create IPUIPlugin
2021-10-25 09:43:20,627 [INFO] IPUIPlugin:74 - create IPUIPlugin
2021-10-25 09:43:20,627 [INFO] IPUIPlugin:74 - create IPUIPlugin
2021-10-25 09:43:20,640 [INFO] IPUIPlugin:74 - create IPUIPlugin
2021-10-25 09:43:20,644 [INFO] IPUIPlugin:74 - create IPUIPlugin
2021-10-25 09:43:20,645 [INFO] IPUIPlugin:74 - create IPUIPlugin
2021-10-25 09:43:20,646 [INFO] IPUIPlugin:74 - create IPUIPlugin
2021-10-25 09:43:20,646 [INFO] IPUIPlugin:74 - create IPUIPlugin
2021-10-25 09:43:20,647 [INFO] IPUIPlugin:74 - create IPUIPlugin
2021-10-25 09:43:20,647 [INFO] IPUIPlugin:74 - create IPUIPlugin
2021-10-25 09:43:20,647 [INFO] IPUIPlugin:74 - create IPUIPlugin
2021-10-25 09:43:20,648 [INFO] IPUIPlugin:74 - create IPUIPlugin
2021-10-25 09:43:20,649 [INFO] IPUIPlugin:74 - create IPUIPlugin
2021-10-25 09:43:20,650 [INFO] IPUIPlugin:74 - create IPUIPlugin
2021-10-25 09:43:20,651 [INFO] IPUIPlugin:74 - create IPUIPlugin
2021-10-25 09:43:20,651 [INFO] IPUIPlugin:74 - create IPUIPlugin
2021-10-25 09:43:20,654 [INFO] IPUIPlugin:74 - create IPUIPlugin
2021-10-25 09:43:20,655 [INFO] IPUIPlugin:74 - create IPUIPlugin
2021-10-25 09:43:20,658 [INFO] IPUIPlugin:74 - create IPUIPlugin
2021-10-25 09:43:20,659 [INFO] IPUIPlugin:74 - create IPUIPlugin
2021-10-25 09:43:20,659 [INFO] IPUIPlugin:74 - create IPUIPlugin
2021-10-25 09:43:20,660 [INFO] IPUIPlugin:74 - create IPUIPlugin
2021-10-25 09:43:20,662 [INFO] IPUIPlugin:74 - create IPUIPlugin
2021-10-25 09:43:20,662 [INFO] IPUIPlugin:74 - create IPUIPlugin
2021-10-25 09:43:20,663 [INFO] IPUIPlugin:74 - create IPUIPlugin
2021-10-25 09:43:20,663 [INFO] IPUIPlugin:74 - create IPUIPlugin
2021-10-25 09:43:20,664 [INFO] IPUIPlugin:74 - create IPUIPlugin
2021-10-25 09:43:20,664 [INFO] IPUIPlugin:74 - create IPUIPlugin
2021-10-25 09:43:20,665 [INFO] IPUIPlugin:74 - create IPUIPlugin
2021-10-25 09:43:20,665 [INFO] IPUIPlugin:74 - create IPUIPlugin
2021-10-25 09:43:20,666 [INFO] IPUIPlugin:74 - create IPUIPlugin
2021-10-25 09:43:20,666 [INFO] IPUIPlugin:74 - create IPUIPlugin
2021-10-25 09:43:20,669 [INFO] IPUIPlugin:74 - create IPUIPlugin
2021-10-25 09:43:20,674 [INFO] IPUIPlugin:74 - create IPUIPlugin
2021-10-25 09:43:20,675 [INFO] IPUIPlugin:74 - create IPUIPlugin
2021-10-25 09:43:20,676 [INFO] IPUIPlugin:74 - create IPUIPlugin
2021-10-25 09:43:20,677 [INFO] IPUIPlugin:74 - create IPUIPlugin
2021-10-25 09:43:21,097 [INFO] ApiDbMcu:468 - Load IP Config File for PDM2PCM
2021-10-25 09:43:21,917 [INFO] OpenFileManager:333 - Restore cursor
2021-10-25 09:43:23,877 [INFO] UtilMem:74 - End SaveConfig() Used Memory: 565339488 Bytes (1024458752)
2021-10-25 09:43:27,528 [INFO] ServerAccessManage:362 - Download File stm32cube_fw_f4_v1260.zip
2021-10-25 09:54:49,559 [ERROR] FileExtend:450 - File entry not found
2021-10-25 09:54:49,966 [INFO] FileExtend:235 - Unzip File : stm32cube_fw_f4_v1260.zip
2021-10-25 09:54:50,162 [INFO] FileExtend:250 - Standard Zip Deflate
2021-10-25 09:57:08,995 [INFO] ServerAccessManage:362 - Download File stm32cube_fw_f4_v1262.zip
2021-10-25 10:01:51,042 [INFO] FileExtend:235 - Unzip File : stm32cube_fw_f4_v1262.zip
2021-10-25 10:01:51,047 [INFO] FileExtend:250 - Standard Zip Deflate
2021-10-25 10:04:15,213 [INFO] LoadServerPackagesThread:180 - End of LoadServerPackages Thread
2021-10-25 10:04:24,067 [INFO] UtilMem:74 - End SaveConfig() Used Memory: 937956128 Bytes (1073741824)
2021-10-25 10:06:03,286 [INFO] CheckServerUpdateThread:112 - End of CheckServer Thread
2021-10-25 10:06:41,956 [INFO] BlockDiagram:2740 - set Specific Code input for plugin: SYS
2021-10-25 10:06:41,957 [INFO] BlockDiagram:2740 - set Specific Code input for plugin: RCC
2021-10-25 10:06:41,957 [INFO] BlockDiagram:2740 - set Specific Code input for plugin: NVIC
2021-10-25 10:06:42,130 [INFO] CodeGenerator:663 - code generatio: config db path: /home/user/st/stm32cubeide_1.7.0_2/plugins/com.st.stm32cube.common.mx_6.3.0.202107141111//db/
2021-10-25 10:07:26,213 [INFO] CodeEngine:239 - oldGeneratedFile, /home/user/myProject/GL_BC/laba_1/lab1/MXTmpFiles/license.tmp_save
2021-10-25 10:07:50,760 [INFO] CodeEngine:257 - Generated code: /home/user/myProject/GL_BC/laba_1/lab1/MXTmpFiles/license.tmp
2021-10-25 10:08:06,588 [INFO] CodeEngine:239 - oldGeneratedFile, /home/user/myProject/GL_BC/laba_1/lab1/Core/Src/stm32f4xx_it.c_save
2021-10-25 10:08:12,743 [INFO] CodeEngine:257 - Generated code: /home/user/myProject/GL_BC/laba_1/lab1/Core/Src/stm32f4xx_it.c
2021-10-25 10:08:12,771 [INFO] CodeEngine:239 - oldGeneratedFile, /home/user/myProject/GL_BC/laba_1/lab1/Core/Inc/stm32f4xx_it.h_save
2021-10-25 10:08:16,241 [INFO] CodeEngine:257 - Generated code: /home/user/myProject/GL_BC/laba_1/lab1/Core/Inc/stm32f4xx_it.h
2021-10-25 10:08:17,125 [INFO] CodeEngine:239 - oldGeneratedFile, /home/user/myProject/GL_BC/laba_1/lab1/Core/Src/stm32f4xx_hal_msp.c_save
2021-10-25 10:08:19,177 [INFO] CodeEngine:257 - Generated code: /home/user/myProject/GL_BC/laba_1/lab1/Core/Src/stm32f4xx_hal_msp.c
2021-10-25 10:08:19,210 [INFO] CodeEngine:239 - oldGeneratedFile, /home/user/myProject/GL_BC/laba_1/lab1/MXTmpFiles/system.tmp_save
2021-10-25 10:08:19,608 [INFO] CodeEngine:257 - Generated code: /home/user/myProject/GL_BC/laba_1/lab1/MXTmpFiles/system.tmp
2021-10-25 10:08:19,720 [INFO] CodeEngine:239 - oldGeneratedFile, /home/user/myProject/GL_BC/laba_1/lab1/Core/Inc/stm32f4xx_hal_conf.h_save
2021-10-25 10:08:23,072 [INFO] CodeEngine:257 - Generated code: /home/user/myProject/GL_BC/laba_1/lab1/Core/Inc/stm32f4xx_hal_conf.h
2021-10-25 10:08:24,524 [INFO] CodeEngine:239 - oldGeneratedFile, /home/user/myProject/GL_BC/laba_1/lab1/Core/Inc/main.h_save
2021-10-25 10:08:37,184 [INFO] CodeEngine:257 - Generated code: /home/user/myProject/GL_BC/laba_1/lab1/Core/Inc/main.h
2021-10-25 10:08:37,243 [INFO] CodeEngine:239 - oldGeneratedFile, /home/user/myProject/GL_BC/laba_1/lab1/Core/Src/main.c_save
2021-10-25 10:08:44,500 [INFO] CodeEngine:257 - Generated code: /home/user/myProject/GL_BC/laba_1/lab1/Core/Src/main.c
2021-10-25 10:09:53,386 [INFO] ProjectBuilder:2578 - Time for Copy HAL[1] : 1314mS.
2021-10-25 10:09:53,625 [INFO] ProjectBuilder:3622 - Project Generator version: 3.14.1
2021-10-25 10:10:16,644 [INFO] ConfigFileManager:1271 - The Die is : DIE413
2021-10-25 10:10:16,881 [INFO] ApiDbMcu:468 - Load IP Config File for FATFS
2021-10-25 10:10:16,978 [INFO] ApiDbMcu:468 - Load IP Config File for FREERTOS
2021-10-25 10:10:17,145 [INFO] ApiDbMcu:468 - Load IP Config File for LIBJPEG
2021-10-25 10:10:17,405 [INFO] ApiDbMcu:468 - Load IP Config File for LWIP
2021-10-25 10:10:17,682 [INFO] ApiDbMcu:468 - Load IP Config File for MBEDTLS
2021-10-25 10:10:17,849 [INFO] ApiDbMcu:468 - Load IP Config File for USB_DEVICE
2021-10-25 10:10:17,944 [INFO] ApiDbMcu:468 - Load IP Config File for USB_HOST
2021-10-25 10:14:38,129 [INFO] ProjectBuilder:3789 - Time for Generating toolchain IDE Files: 284504mS.
2021-10-25 10:14:38,171 [INFO] ProjectBuilder:2457 - Time for Copy CMSIS : 2mS.
2021-10-25 10:14:38,174 [INFO] ProjectBuilder:2457 - Time for Copy CMSIS : 0mS.
2021-10-25 10:15:01,876 [INFO] McuFinderGlobals:52 - Set McuFinderConnectedMode to true
2021-10-25 10:15:02,965 [INFO] ApiDb:276 - Save user favorites file /home/user/.stm32cubeide/favorites.mcus.txt: 0 item(s)
2021-10-25 10:15:02,966 [INFO] ApiDb:280 - User favorites MCUs=[]
2021-10-25 10:20:40,680 [INFO] Gpio:254 - dependency for GPIO []
2021-10-25 10:25:01,901 [INFO] UtilMem:74 - End SaveConfig() Used Memory: 274066496 Bytes (697303040)
2021-10-25 10:25:06,355 [INFO] UtilMem:74 - End SaveConfig() Used Memory: 267182392 Bytes (697303040)
2021-10-25 10:25:16,388 [INFO] UtilMem:74 - End SaveConfig() Used Memory: 212670832 Bytes (697303040)
2021-10-25 10:25:21,480 [INFO] BlockDiagram:2740 - set Specific Code input for plugin: SYS
2021-10-25 10:25:21,491 [INFO] BlockDiagram:2740 - set Specific Code input for plugin: RCC
2021-10-25 10:25:21,491 [INFO] BlockDiagram:2740 - set Specific Code input for plugin: NVIC
2021-10-25 10:25:21,492 [INFO] BlockDiagram:2740 - set Specific Code input for plugin: GPIO
2021-10-25 10:25:21,500 [INFO] CodeGenerator:663 - code generatio: config db path: /home/user/st/stm32cubeide_1.7.0_2/plugins/com.st.stm32cube.common.mx_6.3.0.202107141111//db/
2021-10-25 10:25:22,579 [INFO] CodeEngine:239 - oldGeneratedFile, /home/user/myProject/GL_BC/laba_1/lab1/MXTmpFiles/license.tmp_save
2021-10-25 10:25:22,979 [INFO] CodeEngine:257 - Generated code: /home/user/myProject/GL_BC/laba_1/lab1/MXTmpFiles/license.tmp
2021-10-25 10:25:25,657 [INFO] CodeEngine:239 - oldGeneratedFile, /home/user/myProject/GL_BC/laba_1/lab1/MXTmpFiles/gpio.tmp_save
2021-10-25 10:25:25,916 [INFO] CodeEngine:257 - Generated code: /home/user/myProject/GL_BC/laba_1/lab1/MXTmpFiles/gpio.tmp
2021-10-25 10:25:25,979 [INFO] CodeEngine:239 - oldGeneratedFile, /home/user/myProject/GL_BC/laba_1/lab1/Core/Src/stm32f4xx_it.c_save
2021-10-25 10:25:27,411 [INFO] CodeEngine:257 - Generated code: /home/user/myProject/GL_BC/laba_1/lab1/Core/Src/stm32f4xx_it.c
2021-10-25 10:25:27,418 [INFO] CodeEngine:239 - oldGeneratedFile, /home/user/myProject/GL_BC/laba_1/lab1/Core/Inc/stm32f4xx_it.h_save
2021-10-25 10:25:27,631 [INFO] CodeEngine:257 - Generated code: /home/user/myProject/GL_BC/laba_1/lab1/Core/Inc/stm32f4xx_it.h
2021-10-25 10:25:27,645 [INFO] CodeEngine:239 - oldGeneratedFile, /home/user/myProject/GL_BC/laba_1/lab1/Core/Src/stm32f4xx_hal_msp.c_save
2021-10-25 10:25:27,960 [INFO] CodeEngine:257 - Generated code: /home/user/myProject/GL_BC/laba_1/lab1/Core/Src/stm32f4xx_hal_msp.c
2021-10-25 10:25:27,984 [INFO] CodeEngine:239 - oldGeneratedFile, /home/user/myProject/GL_BC/laba_1/lab1/MXTmpFiles/system.tmp_save
2021-10-25 10:25:28,183 [INFO] CodeEngine:257 - Generated code: /home/user/myProject/GL_BC/laba_1/lab1/MXTmpFiles/system.tmp
2021-10-25 10:25:28,220 [INFO] CodeEngine:239 - oldGeneratedFile, /home/user/myProject/GL_BC/laba_1/lab1/Core/Inc/stm32f4xx_hal_conf.h_save
2021-10-25 10:25:28,630 [INFO] CodeEngine:257 - Generated code: /home/user/myProject/GL_BC/laba_1/lab1/Core/Inc/stm32f4xx_hal_conf.h
2021-10-25 10:25:28,754 [INFO] CodeEngine:239 - oldGeneratedFile, /home/user/myProject/GL_BC/laba_1/lab1/Core/Inc/main.h_save
2021-10-25 10:25:28,989 [INFO] CodeEngine:257 - Generated code: /home/user/myProject/GL_BC/laba_1/lab1/Core/Inc/main.h
2021-10-25 10:25:29,005 [INFO] CodeEngine:239 - oldGeneratedFile, /home/user/myProject/GL_BC/laba_1/lab1/Core/Src/main.c_save
2021-10-25 10:25:29,526 [INFO] CodeEngine:257 - Generated code: /home/user/myProject/GL_BC/laba_1/lab1/Core/Src/main.c
2021-10-25 10:25:33,212 [INFO] ProjectBuilder:2578 - Time for Copy HAL[1] : 602mS.
2021-10-25 10:25:33,264 [INFO] ProjectBuilder:3622 - Project Generator version: 3.14.1
2021-10-25 10:25:34,843 [INFO] ConfigFileManager:1271 - The Die is : DIE413
2021-10-25 10:25:41,792 [INFO] ProjectBuilder:3789 - Time for Generating toolchain IDE Files: 8528mS.
2021-10-25 10:25:41,793 [INFO] ProjectBuilder:2457 - Time for Copy CMSIS : 0mS.
2021-10-25 10:25:41,794 [INFO] ProjectBuilder:2457 - Time for Copy CMSIS : 0mS.
2021-10-26 03:58:38,254 [INFO] Gpio:254 - dependency for GPIO []
2021-10-26 03:58:54,390 [INFO] Gpio:254 - dependency for GPIO []
2021-10-26 03:59:32,359 [INFO] Gpio:254 - dependency for GPIO []
2021-10-26 03:59:55,518 [INFO] UtilMem:74 - End SaveConfig() Used Memory: 241372848 Bytes (959447040)
2021-10-26 03:59:58,558 [INFO] UtilMem:74 - End SaveConfig() Used Memory: 263213352 Bytes (959447040)
2021-10-26 04:00:03,551 [INFO] UtilMem:74 - End SaveConfig() Used Memory: 294425560 Bytes (959447040)
2021-10-26 04:00:21,587 [INFO] BlockDiagram:2740 - set Specific Code input for plugin: SYS
2021-10-26 04:00:21,588 [INFO] BlockDiagram:2740 - set Specific Code input for plugin: RCC
2021-10-26 04:00:21,589 [INFO] BlockDiagram:2740 - set Specific Code input for plugin: NVIC
2021-10-26 04:00:21,589 [INFO] BlockDiagram:2740 - set Specific Code input for plugin: GPIO
2021-10-26 04:00:21,699 [INFO] CodeGenerator:663 - code generatio: config db path: /home/user/st/stm32cubeide_1.7.0_2/plugins/com.st.stm32cube.common.mx_6.3.0.202107141111//db/
2021-10-26 04:00:57,761 [INFO] CodeEngine:239 - oldGeneratedFile, /home/user/myProject/GL_BC/laba_1/lab1/MXTmpFiles/license.tmp_save
2021-10-26 04:00:58,558 [INFO] CodeEngine:257 - Generated code: /home/user/myProject/GL_BC/laba_1/lab1/MXTmpFiles/license.tmp
2021-10-26 04:00:58,976 [INFO] CodeEngine:239 - oldGeneratedFile, /home/user/myProject/GL_BC/laba_1/lab1/MXTmpFiles/gpio.tmp_save
2021-10-26 04:00:59,259 [INFO] CodeEngine:257 - Generated code: /home/user/myProject/GL_BC/laba_1/lab1/MXTmpFiles/gpio.tmp
2021-10-26 04:00:59,520 [INFO] CodeEngine:239 - oldGeneratedFile, /home/user/myProject/GL_BC/laba_1/lab1/Core/Src/stm32f4xx_it.c_save
2021-10-26 04:01:00,356 [INFO] CodeEngine:257 - Generated code: /home/user/myProject/GL_BC/laba_1/lab1/Core/Src/stm32f4xx_it.c
2021-10-26 04:01:00,373 [INFO] CodeEngine:239 - oldGeneratedFile, /home/user/myProject/GL_BC/laba_1/lab1/Core/Inc/stm32f4xx_it.h_save
2021-10-26 04:01:00,628 [INFO] CodeEngine:257 - Generated code: /home/user/myProject/GL_BC/laba_1/lab1/Core/Inc/stm32f4xx_it.h
2021-10-26 04:01:00,685 [INFO] CodeEngine:239 - oldGeneratedFile, /home/user/myProject/GL_BC/laba_1/lab1/Core/Src/stm32f4xx_hal_msp.c_save
2021-10-26 04:01:01,181 [INFO] CodeEngine:257 - Generated code: /home/user/myProject/GL_BC/laba_1/lab1/Core/Src/stm32f4xx_hal_msp.c
2021-10-26 04:01:01,184 [INFO] CodeEngine:239 - oldGeneratedFile, /home/user/myProject/GL_BC/laba_1/lab1/MXTmpFiles/system.tmp_save
2021-10-26 04:01:01,631 [INFO] CodeEngine:257 - Generated code: /home/user/myProject/GL_BC/laba_1/lab1/MXTmpFiles/system.tmp
2021-10-26 04:01:01,641 [INFO] CodeEngine:239 - oldGeneratedFile, /home/user/myProject/GL_BC/laba_1/lab1/Core/Inc/stm32f4xx_hal_conf.h_save
2021-10-26 04:01:01,900 [INFO] CodeEngine:257 - Generated code: /home/user/myProject/GL_BC/laba_1/lab1/Core/Inc/stm32f4xx_hal_conf.h
2021-10-26 04:01:02,073 [INFO] CodeEngine:239 - oldGeneratedFile, /home/user/myProject/GL_BC/laba_1/lab1/Core/Inc/main.h_save
2021-10-26 04:01:02,274 [INFO] CodeEngine:257 - Generated code: /home/user/myProject/GL_BC/laba_1/lab1/Core/Inc/main.h
2021-10-26 04:01:02,279 [INFO] CodeEngine:239 - oldGeneratedFile, /home/user/myProject/GL_BC/laba_1/lab1/Core/Src/main.c_save
2021-10-26 04:01:03,011 [INFO] CodeEngine:257 - Generated code: /home/user/myProject/GL_BC/laba_1/lab1/Core/Src/main.c
2021-10-26 04:01:45,663 [INFO] ProjectBuilder:2578 - Time for Copy HAL[1] : 595mS.
2021-10-26 04:01:45,842 [INFO] ProjectBuilder:3622 - Project Generator version: 3.14.1
2021-10-26 04:02:29,367 [INFO] ConfigFileManager:1271 - The Die is : DIE413
2021-10-26 04:02:47,366 [INFO] ProjectBuilder:3789 - Time for Generating toolchain IDE Files: 61524mS.
2021-10-26 04:02:47,366 [INFO] ProjectBuilder:2457 - Time for Copy CMSIS : 0mS.
2021-10-26 04:02:47,368 [INFO] ProjectBuilder:2457 - Time for Copy CMSIS : 0mS.
